TN:
SF:C:\Users\ME\Documents\vue-todos-master\src\App.vue
FNF:0
FNH:0
DA:9,2
LF:1
LH:1
BRF:0
BRH:0
end_of_record
TN:
SF:C:\Users\ME\Documents\vue-todos-master\src\main.js
FN:11,(anonymous_0)
FNF:1
FNH:1
FNDA:1,(anonymous_0)
DA:6,1
DA:7,1
DA:9,1
DA:11,1
LF:4
LH:4
BRF:0
BRH:0
end_of_record
TN:
SF:C:\Users\ME\Documents\vue-todos-master\src\router.js
FN:10,(anonymous_0)
FN:15,(anonymous_1)
FN:20,(anonymous_2)
FNF:3
FNH:1
FNDA:1,(anonymous_0)
FNDA:0,(anonymous_1)
FNDA:0,(anonymous_2)
DA:4,2
DA:10,1
DA:15,0
DA:20,0
LF:4
LH:2
BRF:0
BRH:0
end_of_record
TN:
SF:C:\Users\ME\Documents\vue-todos-master\src\components\CreateTodo.vue
FN:14,(anonymous_1)
FN:20,(anonymous_2)
FNF:2
FNH:2
FNDA:3,(anonymous_1)
FNDA:2,(anonymous_2)
DA:15,3
DA:21,2
DA:22,1
DA:24,2
LF:4
LH:4
BRDA:21,0,0,1
BRDA:21,0,1,1
BRF:2
BRH:2
end_of_record
TN:
SF:C:\Users\ME\Documents\vue-todos-master\src\components\Todo.vue
FN:43,(anonymous_1)
FN:55,(anonymous_2)
FN:61,(anonymous_3)
FN:64,(anonymous_4)
FNF:4
FNH:4
FNDA:4,(anonymous_1)
FNDA:2,(anonymous_2)
FNDA:1,(anonymous_3)
FNDA:1,(anonymous_4)
DA:44,4
DA:56,2
DA:57,1
DA:59,1
DA:60,1
DA:61,2
DA:65,1
DA:66,1
LF:8
LH:8
BRDA:56,0,0,1
BRDA:56,0,1,1
BRF:2
BRH:2
end_of_record
TN:
SF:C:\Users\ME\Documents\vue-todos-master\src\components\TodoList.vue
FN:37,(anonymous_1)
FN:42,(anonymous_2)
FN:46,(anonymous_3)
FN:51,(anonymous_4)
FN:55,(anonymous_5)
FN:56,(anonymous_6)
FN:59,(anonymous_7)
FNF:7
FNH:6
FNDA:7,(anonymous_1)
FNDA:7,(anonymous_2)
FNDA:0,(anonymous_3)
FNDA:1,(anonymous_4)
FNDA:1,(anonymous_5)
FNDA:1,(anonymous_6)
FNDA:1,(anonymous_7)
DA:30,4
DA:31,4
DA:38,7
DA:43,7
DA:47,0
DA:48,0
DA:49,0
DA:52,1
DA:53,0
DA:56,2
DA:57,1
DA:60,1
DA:61,1
LF:13
LH:9
BRDA:43,0,0,7
BRDA:43,0,1,5
BRF:2
BRH:2
end_of_record
TN:
SF:C:\Users\ME\Documents\vue-todos-master\src\views\DoneTodos.vue
FN:23,(anonymous_1)
FN:25,(anonymous_2)
FN:27,(anonymous_3)
FNF:3
FNH:2
FNDA:1,(anonymous_1)
FNDA:0,(anonymous_2)
FNDA:1,(anonymous_3)
DA:24,1
DA:25,1
DA:28,1
LF:3
LH:3
BRDA:24,0,0,1
BRDA:24,0,1,1
BRF:2
BRH:2
end_of_record
TN:
SF:C:\Users\ME\Documents\vue-todos-master\src\views\Home.vue
FNF:0
FNH:0
DA:8,2
LF:1
LH:1
BRF:0
BRH:0
end_of_record
TN:
SF:C:\Users\ME\Documents\vue-todos-master\src\views\UndoTodos.vue
FN:23,(anonymous_1)
FN:25,(anonymous_2)
FN:27,(anonymous_3)
FNF:3
FNH:2
FNDA:1,(anonymous_1)
FNDA:0,(anonymous_2)
FNDA:1,(anonymous_3)
DA:24,1
DA:25,1
DA:28,1
LF:3
LH:3
BRDA:24,0,0,1
BRDA:24,0,1,1
BRF:2
BRH:2
end_of_record
